<?xml version="1.0" encoding="UTF-8"?>
<beans xmlns="http://www.springframework.org/schema/beans"
	xmlns:xsi="http://www.w3.org/2001/XMLSchema-instance"
	xmlns:context="http://www.springframework.org/schema/context"
	xmlns:jee="http://www.springframework.org/schema/jee"
	xmlns:tx="http://www.springframework.org/schema/tx"
	xmlns:aop="http://www.springframework.org/schema/aop"
	xmlns:mybatis="http://mybatis.org/schema/mybatis-spring"
	xmlns:cache="http://www.springframework.org/schema/cache"
	xsi:schemaLocation="http://www.springframework.org/schema/beans 
	http://www.springframework.org/schema/beans/spring-beans-4.0.xsd
    http://www.springframework.org/schema/context 
    http://www.springframework.org/schema/context/spring-context-4.0.xsd
    http://www.springframework.org/schema/jee
    http://www.springframework.org/schema/jee/spring-jee-4.0.xsd 
    http://www.springframework.org/schema/tx 
    http://www.springframework.org/schema/tx/spring-tx-4.0.xsd 
    http://www.springframework.org/schema/aop 
    http://www.springframework.org/schema/aop/spring-aop-4.0.xsd
    http://mybatis.org/schema/mybatis-spring http://mybatis.org/schema/mybatis-spring.xsd
    http://www.springframework.org/schema/cache 
    http://www.springframework.org/schema/cache/spring-cache.xsd">

	<context:annotation-config />

	<tx:annotation-driven />

	<context:component-scan base-package="com.pe.ventas.back" />

	<context:property-placeholder
		location="classpath*:test.properties" />

	<bean id="misPropiedadesAplicacion"
		class="org.springframework.beans.factory.config.PropertiesFactoryBean">
		<property name="locations">
			<list>
				<value>classpath*:test.properties</value>
			</list>
		</property>
	</bean>

	<bean id="dbcpDataSource" class="org.mockito.Mockito"
		factory-method="mock">
		<constructor-arg
			value="org.apache.commons.dbcp2.BasicDataSource" />
	</bean>

	<!-- <bean id="dbcpDataSource" class="org.apache.commons.dbcp2.BasicDataSource" -->
	<!-- destroy-method="close"> -->
	<!-- <property name="driverClassName" value="org.hsqldb.jdbcDriver" /> -->
	<!-- <property name="url" value="jdbc:hsqldb:mem:dataSource" /> -->
	<!-- <property name="username" value="sa" /> -->
	<!-- <property name="password" value="" /> -->
	<!-- </bean> -->

	<bean id="sqlSessionFactory"
		class="org.mybatis.spring.SqlSessionFactoryBean">
		<property name="dataSource" ref="dbcpDataSource" />
	</bean>

	<mybatis:scan
		base-package="com.pe.ventas.back.daos.sql.mapeos" />

	<bean id="transactionManager"
		class="org.springframework.jdbc.datasource.DataSourceTransactionManager">
		<property name="dataSource" ref="dbcpDataSource" />
	</bean>

	<cache:annotation-driven />

	<bean id="cacheManager"
		class="org.springframework.cache.ehcache.EhCacheCacheManager">
		<property name="cacheManager" ref="ehcache" />
	</bean>

	<bean id="ehcache"
		class="org.springframework.cache.ehcache.EhCacheManagerFactoryBean">
		<property name="configLocation" value="classpath:ehcache.xml" />
		<property name="shared" value="true" />
	</bean>

</beans>